<?xml version="1.0" encoding="UTF-8"?>
<testsuite xmlns:xsi="http://www.w3.org/2001/XMLSchema-instance" xsi:noNamespaceSchemaLocation="https://maven.apache.org/surefire/maven-surefire-plugin/xsd/surefire-test-report.xsd" name="com.ormuco.technicaltest.StringNumberUtilisTest" time="0.081" tests="5" errors="0" skipped="0" failures="0">
  <properties>
[...]
</properties>
  <testcase name="whenStringIsNotValid_thenReturn0" classname="com.ormuco.technicaltest.StringNumberUtilisTest" time="0.054"/>
  <testcase name="whenStringGreaterThanWithLocaleCOValid_thenReturn1" classname="com.ormuco.technicaltest.StringNumberUtilisTest" time="0.001"/>
  <testcase name="whenStringGreaterThanLocaleCAValid_thenReturn1" classname="com.ormuco.technicaltest.StringNumberUtilisTest" time="0.006"/>
  <testcase name="whenStringLessThanLocaleCAValid_thenReturn0" classname="com.ormuco.technicaltest.StringNumberUtilisTest" time="0.001"/>
  <testcase name="whenStringEqualsThanLocaleCAValid_thenReturn0" classname="com.ormuco.technicaltest.StringNumberUtilisTest" time="0.002"/>
</testsuite>